mode: set
github.com/naka-gawa/kubectl-sgmap/pkg/aws/client.go:42.45,43.16 1 0
github.com/naka-gawa/kubectl-sgmap/pkg/aws/client.go:43.16,45.17 2 0
github.com/naka-gawa/kubectl-sgmap/pkg/aws/client.go:45.17,47.4 1 0
github.com/naka-gawa/kubectl-sgmap/pkg/aws/client.go:48.3,48.31 1 0
github.com/naka-gawa/kubectl-sgmap/pkg/aws/client.go:51.2,53.8 1 0
github.com/naka-gawa/kubectl-sgmap/pkg/aws/client.go:57.116,59.22 2 1
github.com/naka-gawa/kubectl-sgmap/pkg/aws/client.go:59.22,61.3 1 1
github.com/naka-gawa/kubectl-sgmap/pkg/aws/client.go:63.2,64.16 2 1
github.com/naka-gawa/kubectl-sgmap/pkg/aws/client.go:64.16,66.3 1 1
github.com/naka-gawa/kubectl-sgmap/pkg/aws/client.go:68.2,69.16 2 1
github.com/naka-gawa/kubectl-sgmap/pkg/aws/client.go:69.16,71.3 1 1
github.com/naka-gawa/kubectl-sgmap/pkg/aws/client.go:73.2,73.84 1 1
github.com/naka-gawa/kubectl-sgmap/pkg/aws/client.go:77.84,81.27 3 1
github.com/naka-gawa/kubectl-sgmap/pkg/aws/client.go:81.27,82.44 1 1
github.com/naka-gawa/kubectl-sgmap/pkg/aws/client.go:82.44,83.12 1 1
github.com/naka-gawa/kubectl-sgmap/pkg/aws/client.go:85.3,85.39 1 1
github.com/naka-gawa/kubectl-sgmap/pkg/aws/client.go:85.39,88.4 2 1
github.com/naka-gawa/kubectl-sgmap/pkg/aws/client.go:90.2,90.21 1 1
github.com/naka-gawa/kubectl-sgmap/pkg/aws/client.go:99.3,101.16 2 1
github.com/naka-gawa/kubectl-sgmap/pkg/aws/client.go:101.16,103.3 1 1
github.com/naka-gawa/kubectl-sgmap/pkg/aws/client.go:105.2,107.29 3 1
github.com/naka-gawa/kubectl-sgmap/pkg/aws/client.go:107.29,109.45 2 1
github.com/naka-gawa/kubectl-sgmap/pkg/aws/client.go:109.45,111.4 1 1
github.com/naka-gawa/kubectl-sgmap/pkg/aws/client.go:112.3,112.36 1 1
github.com/naka-gawa/kubectl-sgmap/pkg/aws/client.go:112.36,114.4 1 1
github.com/naka-gawa/kubectl-sgmap/pkg/aws/client.go:116.2,116.41 1 1
github.com/naka-gawa/kubectl-sgmap/pkg/aws/client.go:120.66,122.33 2 1
github.com/naka-gawa/kubectl-sgmap/pkg/aws/client.go:122.33,123.26 1 1
github.com/naka-gawa/kubectl-sgmap/pkg/aws/client.go:123.26,125.4 1 1
github.com/naka-gawa/kubectl-sgmap/pkg/aws/client.go:127.2,128.22 2 1
github.com/naka-gawa/kubectl-sgmap/pkg/aws/client.go:128.22,130.3 1 1
github.com/naka-gawa/kubectl-sgmap/pkg/aws/client.go:131.2,131.15 1 1
github.com/naka-gawa/kubectl-sgmap/pkg/aws/client.go:141.26,144.31 2 1
github.com/naka-gawa/kubectl-sgmap/pkg/aws/client.go:144.31,146.10 2 1
github.com/naka-gawa/kubectl-sgmap/pkg/aws/client.go:146.10,148.12 2 0
github.com/naka-gawa/kubectl-sgmap/pkg/aws/client.go:150.3,151.42 2 1
github.com/naka-gawa/kubectl-sgmap/pkg/aws/client.go:151.42,152.33 1 1
github.com/naka-gawa/kubectl-sgmap/pkg/aws/client.go:152.33,154.5 1 1
github.com/naka-gawa/kubectl-sgmap/pkg/aws/client.go:158.3,165.5 2 1
github.com/naka-gawa/kubectl-sgmap/pkg/aws/client.go:167.2,167.15 1 1
github.com/naka-gawa/kubectl-sgmap/pkg/aws/client.go:171.66,177.31 3 1
github.com/naka-gawa/kubectl-sgmap/pkg/aws/client.go:177.31,179.3 1 1
github.com/naka-gawa/kubectl-sgmap/pkg/aws/client.go:181.2,181.34 1 1
github.com/naka-gawa/kubectl-sgmap/pkg/aws/client.go:181.34,183.24 1 1
github.com/naka-gawa/kubectl-sgmap/pkg/aws/client.go:183.24,185.72 1 1
github.com/naka-gawa/kubectl-sgmap/pkg/aws/client.go:185.72,187.5 1 0
github.com/naka-gawa/kubectl-sgmap/pkg/aws/client.go:189.4,189.60 1 1
github.com/naka-gawa/kubectl-sgmap/pkg/aws/client.go:189.60,191.5 1 1
github.com/naka-gawa/kubectl-sgmap/pkg/aws/client.go:192.4,192.56 1 1
github.com/naka-gawa/kubectl-sgmap/pkg/aws/client.go:192.56,194.5 1 1
github.com/naka-gawa/kubectl-sgmap/pkg/aws/client.go:196.3,196.16 1 1
github.com/naka-gawa/kubectl-sgmap/pkg/aws/client.go:200.2,200.75 1 1
github.com/naka-gawa/kubectl-sgmap/pkg/aws/client.go:200.75,202.3 1 0
github.com/naka-gawa/kubectl-sgmap/pkg/aws/client.go:204.2,204.15 1 1
github.com/naka-gawa/kubectl-sgmap/pkg/aws/client.go:208.54,209.39 1 1
github.com/naka-gawa/kubectl-sgmap/pkg/aws/client.go:209.39,210.31 1 1
github.com/naka-gawa/kubectl-sgmap/pkg/aws/client.go:210.31,211.48 1 1
github.com/naka-gawa/kubectl-sgmap/pkg/aws/client.go:211.48,212.43 1 1
github.com/naka-gawa/kubectl-sgmap/pkg/aws/client.go:212.43,214.6 1 1
github.com/naka-gawa/kubectl-sgmap/pkg/aws/client.go:218.2,218.14 1 1
github.com/naka-gawa/kubectl-sgmap/pkg/aws/client.go:222.116,223.19 1 1
github.com/naka-gawa/kubectl-sgmap/pkg/aws/client.go:223.19,225.3 1 1
github.com/naka-gawa/kubectl-sgmap/pkg/aws/client.go:227.2,227.135 1 1
github.com/naka-gawa/kubectl-sgmap/pkg/aws/client.go:227.135,239.32 4 1
github.com/naka-gawa/kubectl-sgmap/pkg/aws/client.go:239.32,241.18 2 1
github.com/naka-gawa/kubectl-sgmap/pkg/aws/client.go:241.18,243.5 1 1
github.com/naka-gawa/kubectl-sgmap/pkg/aws/client.go:244.4,244.47 1 1
github.com/naka-gawa/kubectl-sgmap/pkg/aws/client.go:244.47,246.5 1 1
github.com/naka-gawa/kubectl-sgmap/pkg/aws/client.go:248.3,248.21 1 1
github.com/naka-gawa/kubectl-sgmap/pkg/aws/client.go:255.121,258.27 3 1
github.com/naka-gawa/kubectl-sgmap/pkg/aws/client.go:258.27,259.29 1 1
github.com/naka-gawa/kubectl-sgmap/pkg/aws/client.go:259.29,262.4 2 1
github.com/naka-gawa/kubectl-sgmap/pkg/aws/client.go:265.2,265.23 1 1
github.com/naka-gawa/kubectl-sgmap/pkg/aws/client.go:265.23,267.3 1 1
github.com/naka-gawa/kubectl-sgmap/pkg/aws/client.go:269.2,269.134 1 1
github.com/naka-gawa/kubectl-sgmap/pkg/aws/client.go:269.134,275.17 3 1
github.com/naka-gawa/kubectl-sgmap/pkg/aws/client.go:275.17,277.4 1 1
github.com/naka-gawa/kubectl-sgmap/pkg/aws/client.go:279.3,280.42 2 1
github.com/naka-gawa/kubectl-sgmap/pkg/aws/client.go:280.42,281.25 1 1
github.com/naka-gawa/kubectl-sgmap/pkg/aws/client.go:281.25,283.5 1 1
github.com/naka-gawa/kubectl-sgmap/pkg/aws/client.go:285.3,285.20 1 1
